2021/10/23 10:40:15 [notice] 1#1: using the "epoll" event method
2021/10/23 10:40:15 [notice] 1#1: nginx/1.21.3
2021/10/23 10:40:15 [notice] 1#1: built by gcc 8.3.0 (Debian 8.3.0-6) 
2021/10/23 10:40:15 [notice] 1#1: OS: Linux 4.19.128-microsoft-standard
2021/10/23 10:40:15 [notice] 1#1: getrlimit(RLIMIT_NOFILE): 1048576:1048576
2021/10/23 10:40:15 [notice] 1#1: start worker processes
2021/10/23 10:40:15 [notice] 1#1: start worker process 22
2021/10/23 10:40:15 [notice] 1#1: start worker process 23
2021/10/23 10:40:15 [notice] 1#1: start worker process 24
2021/10/23 10:40:15 [notice] 1#1: start worker process 25
2021/10/23 10:40:15 [notice] 1#1: start worker process 26
2021/10/23 10:40:15 [notice] 1#1: start worker process 27
2021/10/23 10:40:15 [notice] 1#1: start worker process 28
2021/10/23 10:40:15 [notice] 1#1: start worker process 29
2021/10/23 10:40:15 [notice] 1#1: start worker process 30
2021/10/23 10:40:15 [notice] 1#1: start worker process 31
2021/10/23 10:40:15 [notice] 1#1: start worker process 32
2021/10/23 10:40:15 [notice] 1#1: start worker process 33
2021/10/23 12:04:06 [notice] 1#1: signal 3 (SIGQUIT) received, shutting down
2021/10/23 12:04:06 [notice] 22#22: gracefully shutting down
2021/10/23 12:04:06 [notice] 30#30: gracefully shutting down
2021/10/23 12:04:06 [notice] 23#23: gracefully shutting down
2021/10/23 12:04:06 [notice] 24#24: gracefully shutting down
2021/10/23 12:04:06 [notice] 26#26: gracefully shutting down
2021/10/23 12:04:06 [notice] 26#26: exiting
2021/10/23 12:04:06 [notice] 25#25: gracefully shutting down
2021/10/23 12:04:06 [notice] 27#27: gracefully shutting down
2021/10/23 12:04:06 [notice] 28#28: gracefully shutting down
2021/10/23 12:04:06 [notice] 29#29: gracefully shutting down
2021/10/23 12:04:06 [notice] 32#32: gracefully shutting down
2021/10/23 12:04:06 [notice] 22#22: exiting
2021/10/23 12:04:06 [notice] 31#31: gracefully shutting down
2021/10/23 12:04:06 [notice] 33#33: gracefully shutting down
2021/10/23 12:04:06 [notice] 30#30: exiting
2021/10/23 12:04:06 [notice] 23#23: exiting
2021/10/23 12:04:06 [notice] 24#24: exiting
2021/10/23 12:04:06 [notice] 26#26: exit
2021/10/23 12:04:06 [notice] 25#25: exiting
2021/10/23 12:04:06 [notice] 27#27: exiting
2021/10/23 12:04:06 [notice] 28#28: exiting
2021/10/23 12:04:06 [notice] 29#29: exiting
2021/10/23 12:04:06 [notice] 32#32: exiting
2021/10/23 12:04:06 [notice] 22#22: exit
2021/10/23 12:04:06 [notice] 31#31: exiting
2021/10/23 12:04:06 [notice] 33#33: exiting
2021/10/23 12:04:06 [notice] 30#30: exit
2021/10/23 12:04:06 [notice] 23#23: exit
2021/10/23 12:04:06 [notice] 24#24: exit
2021/10/23 12:04:06 [notice] 25#25: exit
2021/10/23 12:04:06 [notice] 27#27: exit
2021/10/23 12:04:06 [notice] 28#28: exit
2021/10/23 12:04:06 [notice] 29#29: exit
2021/10/23 12:04:06 [notice] 32#32: exit
2021/10/23 12:04:06 [notice] 31#31: exit
2021/10/23 12:04:06 [notice] 33#33: exit
2021/10/23 12:04:07 [notice] 1#1: signal 17 (SIGCHLD) received from 29
2021/10/23 12:04:07 [notice] 1#1: worker process 23 exited with code 0
2021/10/23 12:04:07 [notice] 1#1: worker process 29 exited with code 0
2021/10/23 12:04:07 [notice] 1#1: worker process 30 exited with code 0
2021/10/23 12:04:07 [notice] 1#1: signal 29 (SIGIO) received
2021/10/23 12:04:07 [notice] 1#1: signal 17 (SIGCHLD) received from 25
2021/10/23 12:04:07 [notice] 1#1: worker process 25 exited with code 0
2021/10/23 12:04:07 [notice] 1#1: worker process 31 exited with code 0
2021/10/23 12:04:07 [notice] 1#1: signal 29 (SIGIO) received
2021/10/23 12:04:07 [notice] 1#1: signal 17 (SIGCHLD) received from 28
2021/10/23 12:04:07 [notice] 1#1: worker process 22 exited with code 0
2021/10/23 12:04:07 [notice] 1#1: worker process 24 exited with code 0
2021/10/23 12:04:07 [notice] 1#1: worker process 26 exited with code 0
2021/10/23 12:04:07 [notice] 1#1: worker process 27 exited with code 0
2021/10/23 12:04:07 [notice] 1#1: worker process 28 exited with code 0
2021/10/23 12:04:07 [notice] 1#1: worker process 32 exited with code 0
2021/10/23 12:04:07 [notice] 1#1: worker process 33 exited with code 0
2021/10/23 12:04:07 [notice] 1#1: exit
2021/10/23 12:04:08 [notice] 1#1: using the "epoll" event method
2021/10/23 12:04:08 [notice] 1#1: nginx/1.21.3
2021/10/23 12:04:08 [notice] 1#1: built by gcc 8.3.0 (Debian 8.3.0-6) 
2021/10/23 12:04:08 [notice] 1#1: OS: Linux 4.19.128-microsoft-standard
2021/10/23 12:04:08 [notice] 1#1: getrlimit(RLIMIT_NOFILE): 1048576:1048576
2021/10/23 12:04:08 [notice] 1#1: start worker processes
2021/10/23 12:04:08 [notice] 1#1: start worker process 23
2021/10/23 12:04:08 [notice] 1#1: start worker process 24
2021/10/23 12:04:08 [notice] 1#1: start worker process 25
2021/10/23 12:04:08 [notice] 1#1: start worker process 26
2021/10/23 12:04:08 [notice] 1#1: start worker process 27
2021/10/23 12:04:08 [notice] 1#1: start worker process 28
2021/10/23 12:04:08 [notice] 1#1: start worker process 29
2021/10/23 12:04:08 [notice] 1#1: start worker process 30
2021/10/23 12:04:08 [notice] 1#1: start worker process 31
2021/10/23 12:04:08 [notice] 1#1: start worker process 32
2021/10/23 12:04:08 [notice] 1#1: start worker process 33
2021/10/23 12:04:08 [notice] 1#1: start worker process 34
2021/10/23 12:08:10 [notice] 1#1: signal 3 (SIGQUIT) received, shutting down
2021/10/23 12:08:10 [notice] 23#23: gracefully shutting down
2021/10/23 12:08:10 [notice] 31#31: gracefully shutting down
2021/10/23 12:08:10 [notice] 24#24: gracefully shutting down
2021/10/23 12:08:10 [notice] 25#25: gracefully shutting down
2021/10/23 12:08:10 [notice] 26#26: gracefully shutting down
2021/10/23 12:08:10 [notice] 27#27: gracefully shutting down
2021/10/23 12:08:10 [notice] 28#28: gracefully shutting down
2021/10/23 12:08:10 [notice] 28#28: exiting
2021/10/23 12:08:10 [notice] 29#29: gracefully shutting down
2021/10/23 12:08:10 [notice] 30#30: gracefully shutting down
2021/10/23 12:08:10 [notice] 33#33: gracefully shutting down
2021/10/23 12:08:10 [notice] 34#34: gracefully shutting down
2021/10/23 12:08:10 [notice] 32#32: gracefully shutting down
2021/10/23 12:08:10 [notice] 23#23: exiting
2021/10/23 12:08:10 [notice] 31#31: exiting
2021/10/23 12:08:10 [notice] 24#24: exiting
2021/10/23 12:08:10 [notice] 25#25: exiting
2021/10/23 12:08:10 [notice] 26#26: exiting
2021/10/23 12:08:10 [notice] 27#27: exiting
2021/10/23 12:08:10 [notice] 28#28: exit
2021/10/23 12:08:10 [notice] 29#29: exiting
2021/10/23 12:08:10 [notice] 30#30: exiting
2021/10/23 12:08:10 [notice] 33#33: exiting
2021/10/23 12:08:10 [notice] 34#34: exiting
2021/10/23 12:08:10 [notice] 32#32: exiting
2021/10/23 12:08:10 [notice] 23#23: exit
2021/10/23 12:08:10 [notice] 31#31: exit
2021/10/23 12:08:10 [notice] 24#24: exit
2021/10/23 12:08:10 [notice] 25#25: exit
2021/10/23 12:08:10 [notice] 26#26: exit
2021/10/23 12:08:10 [notice] 27#27: exit
2021/10/23 12:08:10 [notice] 29#29: exit
2021/10/23 12:08:10 [notice] 30#30: exit
2021/10/23 12:08:10 [notice] 33#33: exit
2021/10/23 12:08:10 [notice] 34#34: exit
2021/10/23 12:08:10 [notice] 32#32: exit
2021/10/23 12:08:10 [notice] 1#1: signal 17 (SIGCHLD) received from 27
2021/10/23 12:08:10 [notice] 1#1: worker process 24 exited with code 0
2021/10/23 12:08:10 [notice] 1#1: worker process 26 exited with code 0
2021/10/23 12:08:10 [notice] 1#1: worker process 27 exited with code 0
2021/10/23 12:08:10 [notice] 1#1: worker process 28 exited with code 0
2021/10/23 12:08:10 [notice] 1#1: worker process 30 exited with code 0
2021/10/23 12:08:10 [notice] 1#1: worker process 32 exited with code 0
2021/10/23 12:08:10 [notice] 1#1: signal 29 (SIGIO) received
2021/10/23 12:08:10 [notice] 1#1: signal 17 (SIGCHLD) received from 32
2021/10/23 12:08:10 [notice] 1#1: signal 17 (SIGCHLD) received from 33
2021/10/23 12:08:10 [notice] 1#1: worker process 31 exited with code 0
2021/10/23 12:08:10 [notice] 1#1: worker process 33 exited with code 0
2021/10/23 12:08:10 [notice] 1#1: signal 29 (SIGIO) received
2021/10/23 12:08:11 [notice] 1#1: signal 17 (SIGCHLD) received from 25
2021/10/23 12:08:11 [notice] 1#1: worker process 23 exited with code 0
2021/10/23 12:08:11 [notice] 1#1: worker process 25 exited with code 0
2021/10/23 12:08:11 [notice] 1#1: worker process 29 exited with code 0
2021/10/23 12:08:11 [notice] 1#1: worker process 34 exited with code 0
2021/10/23 12:08:11 [notice] 1#1: exit
2021/10/23 12:08:12 [notice] 1#1: using the "epoll" event method
2021/10/23 12:08:12 [notice] 1#1: nginx/1.21.3
2021/10/23 12:08:12 [notice] 1#1: built by gcc 8.3.0 (Debian 8.3.0-6) 
2021/10/23 12:08:12 [notice] 1#1: OS: Linux 4.19.128-microsoft-standard
2021/10/23 12:08:12 [notice] 1#1: getrlimit(RLIMIT_NOFILE): 1048576:1048576
2021/10/23 12:08:12 [notice] 1#1: start worker processes
2021/10/23 12:08:12 [notice] 1#1: start worker process 22
2021/10/23 12:08:12 [notice] 1#1: start worker process 23
2021/10/23 12:08:12 [notice] 1#1: start worker process 24
2021/10/23 12:08:12 [notice] 1#1: start worker process 25
2021/10/23 12:08:12 [notice] 1#1: start worker process 26
2021/10/23 12:08:12 [notice] 1#1: start worker process 27
2021/10/23 12:08:12 [notice] 1#1: start worker process 28
2021/10/23 12:08:12 [notice] 1#1: start worker process 29
2021/10/23 12:08:12 [notice] 1#1: start worker process 30
2021/10/23 12:08:12 [notice] 1#1: start worker process 31
2021/10/23 12:08:12 [notice] 1#1: start worker process 32
2021/10/23 12:08:12 [notice] 1#1: start worker process 33
2021/10/23 13:17:34 [emerg] 60#60: invalid host in upstream "var/run/php7.4-fpm.sock" in /etc/nginx/conf.d/my-blog.conf:20
2021/10/23 13:17:47 [emerg] 69#69: invalid host in upstream "/var/run/php7.4-fpm.sock" in /etc/nginx/conf.d/my-blog.conf:20
2021/10/23 13:18:05 [notice] 1#1: signal 15 (SIGTERM) received from 79, exiting
2021/10/23 13:18:05 [notice] 22#22: exiting
2021/10/23 13:18:05 [notice] 31#31: exiting
2021/10/23 13:18:05 [notice] 23#23: exiting
2021/10/23 13:18:05 [notice] 24#24: exiting
2021/10/23 13:18:05 [notice] 25#25: exiting
2021/10/23 13:18:05 [notice] 26#26: exiting
2021/10/23 13:18:05 [notice] 27#27: exiting
2021/10/23 13:18:05 [notice] 28#28: exiting
2021/10/23 13:18:05 [notice] 30#30: exiting
2021/10/23 13:18:05 [notice] 29#29: exiting
2021/10/23 13:18:05 [notice] 32#32: exiting
2021/10/23 13:18:05 [notice] 33#33: exiting
2021/10/23 13:18:05 [notice] 22#22: exit
2021/10/23 13:18:05 [notice] 31#31: exit
2021/10/23 13:18:05 [notice] 23#23: exit
2021/10/23 13:18:05 [notice] 24#24: exit
2021/10/23 13:18:05 [notice] 25#25: exit
2021/10/23 13:18:05 [notice] 26#26: exit
2021/10/23 13:18:05 [notice] 27#27: exit
2021/10/23 13:18:05 [notice] 28#28: exit
2021/10/23 13:18:05 [notice] 30#30: exit
2021/10/23 13:18:05 [notice] 29#29: exit
2021/10/23 13:18:05 [notice] 32#32: exit
2021/10/23 13:18:05 [notice] 33#33: exit
2021/10/23 13:18:05 [notice] 1#1: signal 14 (SIGALRM) received
2021/10/23 13:18:05 [notice] 1#1: signal 17 (SIGCHLD) received from 29
2021/10/23 13:18:05 [notice] 1#1: worker process 24 exited with code 0
2021/10/23 13:18:05 [notice] 1#1: worker process 28 exited with code 0
2021/10/23 13:18:05 [notice] 1#1: worker process 29 exited with code 0
2021/10/23 13:18:05 [notice] 1#1: worker process 30 exited with code 0
2021/10/23 13:18:05 [notice] 1#1: worker process 33 exited with code 0
2021/10/23 13:18:05 [notice] 1#1: signal 29 (SIGIO) received
2021/10/23 13:18:05 [notice] 1#1: signal 17 (SIGCHLD) received from 26
2021/10/23 13:18:05 [notice] 1#1: worker process 26 exited with code 0
2021/10/23 13:18:05 [notice] 1#1: signal 29 (SIGIO) received
2021/10/23 13:18:05 [notice] 1#1: signal 17 (SIGCHLD) received from 22
2021/10/23 13:18:05 [notice] 1#1: worker process 22 exited with code 0
2021/10/23 13:18:05 [notice] 1#1: worker process 32 exited with code 0
2021/10/23 13:18:05 [notice] 1#1: signal 29 (SIGIO) received
2021/10/23 13:18:05 [notice] 1#1: signal 17 (SIGCHLD) received from 25
2021/10/23 13:18:05 [notice] 1#1: worker process 25 exited with code 0
2021/10/23 13:18:05 [notice] 1#1: worker process 31 exited with code 0
2021/10/23 13:18:05 [notice] 1#1: signal 29 (SIGIO) received
2021/10/23 13:18:05 [notice] 1#1: signal 17 (SIGCHLD) received from 27
2021/10/23 13:18:05 [notice] 1#1: worker process 23 exited with code 0
2021/10/23 13:18:05 [notice] 1#1: worker process 27 exited with code 0
2021/10/23 13:18:05 [notice] 1#1: exit
2021/10/23 13:18:06 [notice] 1#1: using the "epoll" event method
2021/10/23 13:18:06 [notice] 1#1: nginx/1.21.3
2021/10/23 13:18:06 [notice] 1#1: built by gcc 8.3.0 (Debian 8.3.0-6) 
2021/10/23 13:18:06 [notice] 1#1: OS: Linux 4.19.128-microsoft-standard
2021/10/23 13:18:06 [notice] 1#1: getrlimit(RLIMIT_NOFILE): 1048576:1048576
2021/10/23 13:18:06 [notice] 1#1: start worker processes
2021/10/23 13:18:06 [notice] 1#1: start worker process 22
2021/10/23 13:18:06 [notice] 1#1: start worker process 23
2021/10/23 13:18:06 [notice] 1#1: start worker process 24
2021/10/23 13:18:06 [notice] 1#1: start worker process 25
2021/10/23 13:18:06 [notice] 1#1: start worker process 26
2021/10/23 13:18:06 [notice] 1#1: start worker process 27
2021/10/23 13:18:06 [notice] 1#1: start worker process 28
2021/10/23 13:18:06 [notice] 1#1: start worker process 29
2021/10/23 13:18:06 [notice] 1#1: start worker process 30
2021/10/23 13:18:06 [notice] 1#1: start worker process 31
2021/10/23 13:18:06 [notice] 1#1: start worker process 32
2021/10/23 13:18:06 [notice] 1#1: start worker process 33
2021/10/23 14:12:48 [notice] 1#1: signal 3 (SIGQUIT) received, shutting down
2021/10/23 14:12:48 [notice] 22#22: gracefully shutting down
2021/10/23 14:12:48 [notice] 23#23: gracefully shutting down
2021/10/23 14:12:48 [notice] 23#23: exiting
2021/10/23 14:12:48 [notice] 26#26: gracefully shutting down
2021/10/23 14:12:48 [notice] 25#25: gracefully shutting down
2021/10/23 14:12:48 [notice] 27#27: gracefully shutting down
2021/10/23 14:12:48 [notice] 24#24: gracefully shutting down
2021/10/23 14:12:48 [notice] 24#24: exiting
2021/10/23 14:12:48 [notice] 28#28: gracefully shutting down
2021/10/23 14:12:48 [notice] 29#29: gracefully shutting down
2021/10/23 14:12:48 [notice] 30#30: gracefully shutting down
2021/10/23 14:12:48 [notice] 30#30: exiting
2021/10/23 14:12:48 [notice] 32#32: gracefully shutting down
2021/10/23 14:12:48 [notice] 31#31: gracefully shutting down
2021/10/23 14:12:48 [notice] 33#33: gracefully shutting down
2021/10/23 14:12:48 [notice] 22#22: exiting
2021/10/23 14:12:48 [notice] 23#23: exit
2021/10/23 14:12:48 [notice] 26#26: exiting
2021/10/23 14:12:48 [notice] 25#25: exiting
2021/10/23 14:12:48 [notice] 27#27: exiting
2021/10/23 14:12:48 [notice] 24#24: exit
2021/10/23 14:12:48 [notice] 28#28: exiting
2021/10/23 14:12:48 [notice] 29#29: exiting
2021/10/23 14:12:48 [notice] 30#30: exit
2021/10/23 14:12:48 [notice] 32#32: exiting
2021/10/23 14:12:48 [notice] 31#31: exiting
2021/10/23 14:12:48 [notice] 33#33: exiting
2021/10/23 14:12:48 [notice] 22#22: exit
2021/10/23 14:12:48 [notice] 26#26: exit
2021/10/23 14:12:48 [notice] 25#25: exit
2021/10/23 14:12:48 [notice] 27#27: exit
2021/10/23 14:12:48 [notice] 28#28: exit
2021/10/23 14:12:48 [notice] 29#29: exit
2021/10/23 14:12:48 [notice] 32#32: exit
2021/10/23 14:12:48 [notice] 31#31: exit
2021/10/23 14:12:48 [notice] 33#33: exit
2021/10/23 14:12:48 [notice] 1#1: signal 17 (SIGCHLD) received from 28
2021/10/23 14:12:48 [notice] 1#1: worker process 28 exited with code 0
2021/10/23 14:12:48 [notice] 1#1: signal 29 (SIGIO) received
2021/10/23 14:12:48 [notice] 1#1: signal 17 (SIGCHLD) received from 24
2021/10/23 14:12:48 [notice] 1#1: worker process 24 exited with code 0
2021/10/23 14:12:48 [notice] 1#1: signal 29 (SIGIO) received
2021/10/23 14:12:48 [notice] 1#1: signal 17 (SIGCHLD) received from 22
2021/10/23 14:12:48 [notice] 1#1: worker process 22 exited with code 0
2021/10/23 14:12:48 [notice] 1#1: worker process 26 exited with code 0
2021/10/23 14:12:48 [notice] 1#1: worker process 32 exited with code 0
2021/10/23 14:12:48 [notice] 1#1: signal 29 (SIGIO) received
2021/10/23 14:12:48 [notice] 1#1: signal 17 (SIGCHLD) received from 33
2021/10/23 14:12:48 [notice] 1#1: worker process 33 exited with code 0
2021/10/23 14:12:48 [notice] 1#1: signal 29 (SIGIO) received
2021/10/23 14:12:48 [notice] 1#1: signal 17 (SIGCHLD) received from 30
2021/10/23 14:12:48 [notice] 1#1: worker process 23 exited with code 0
2021/10/23 14:12:48 [notice] 1#1: worker process 25 exited with code 0
2021/10/23 14:12:48 [notice] 1#1: worker process 30 exited with code 0
2021/10/23 14:12:48 [notice] 1#1: worker process 31 exited with code 0
2021/10/23 14:12:48 [notice] 1#1: signal 29 (SIGIO) received
2021/10/23 14:12:48 [notice] 1#1: signal 17 (SIGCHLD) received from 23
2021/10/23 14:12:48 [notice] 1#1: signal 17 (SIGCHLD) received from 27
2021/10/23 14:12:48 [notice] 1#1: worker process 27 exited with code 0
2021/10/23 14:12:48 [notice] 1#1: signal 29 (SIGIO) received
2021/10/23 14:12:48 [notice] 1#1: signal 17 (SIGCHLD) received from 29
2021/10/23 14:12:48 [notice] 1#1: worker process 29 exited with code 0
2021/10/23 14:12:48 [notice] 1#1: exit
2021/10/23 14:12:48 [emerg] 1#1: no port in upstream "php-fpm74" in /etc/nginx/conf.d/my-blog.conf:20
2021/10/23 14:12:49 [emerg] 1#1: no port in upstream "php-fpm74" in /etc/nginx/conf.d/my-blog.conf:20
2021/10/23 14:12:50 [emerg] 1#1: no port in upstream "php-fpm74" in /etc/nginx/conf.d/my-blog.conf:20
2021/10/23 14:12:51 [emerg] 1#1: no port in upstream "php-fpm74" in /etc/nginx/conf.d/my-blog.conf:20
2021/10/23 14:12:52 [emerg] 1#1: no port in upstream "php-fpm74" in /etc/nginx/conf.d/my-blog.conf:20
2021/10/23 14:12:54 [emerg] 1#1: no port in upstream "php-fpm74" in /etc/nginx/conf.d/my-blog.conf:20
2021/10/23 14:12:57 [emerg] 1#1: no port in upstream "php-fpm74" in /etc/nginx/conf.d/my-blog.conf:20
2021/10/23 14:13:04 [emerg] 1#1: no port in upstream "php-fpm74" in /etc/nginx/conf.d/my-blog.conf:20
2021/10/23 14:13:17 [emerg] 1#1: no port in upstream "php-fpm74" in /etc/nginx/conf.d/my-blog.conf:20
2021/10/23 14:13:43 [emerg] 1#1: no port in upstream "php-fpm74" in /etc/nginx/conf.d/my-blog.conf:20
2021/10/23 14:14:35 [emerg] 1#1: no port in upstream "php-fpm74" in /etc/nginx/conf.d/my-blog.conf:20
2021/10/23 14:15:35 [emerg] 1#1: no port in upstream "php-fpm74" in /etc/nginx/conf.d/my-blog.conf:20
2021/10/23 14:16:36 [emerg] 1#1: no port in upstream "php-fpm74" in /etc/nginx/conf.d/my-blog.conf:20
2021/10/23 14:17:36 [emerg] 1#1: no port in upstream "php-fpm74" in /etc/nginx/conf.d/my-blog.conf:20
2021/10/23 14:18:37 [emerg] 1#1: no port in upstream "php-fpm74" in /etc/nginx/conf.d/my-blog.conf:20
2021/10/23 14:19:15 [emerg] 1#1: no port in upstream "php-fpm74" in /etc/nginx/conf.d/my-blog.conf:20
2021/10/23 14:19:15 [emerg] 1#1: no port in upstream "php-fpm74" in /etc/nginx/conf.d/my-blog.conf:20
2021/10/23 14:19:16 [emerg] 1#1: no port in upstream "php-fpm74" in /etc/nginx/conf.d/my-blog.conf:20
2021/10/23 14:19:17 [emerg] 1#1: no port in upstream "php-fpm74" in /etc/nginx/conf.d/my-blog.conf:20
2021/10/23 14:19:18 [emerg] 1#1: no port in upstream "php-fpm74" in /etc/nginx/conf.d/my-blog.conf:20
2021/10/23 14:19:20 [emerg] 1#1: no port in upstream "php-fpm74" in /etc/nginx/conf.d/my-blog.conf:20
2021/10/23 14:19:24 [emerg] 1#1: no port in upstream "php-fpm74" in /etc/nginx/conf.d/my-blog.conf:20
2021/10/23 14:19:30 [emerg] 1#1: no port in upstream "php-fpm74" in /etc/nginx/conf.d/my-blog.conf:20
2021/10/23 14:19:44 [emerg] 1#1: no port in upstream "php-fpm74" in /etc/nginx/conf.d/my-blog.conf:20
2021/10/23 14:20:10 [emerg] 1#1: no port in upstream "php-fpm74" in /etc/nginx/conf.d/my-blog.conf:20
2021/10/23 14:21:01 [notice] 1#1: using the "epoll" event method
2021/10/23 14:21:01 [notice] 1#1: nginx/1.21.3
2021/10/23 14:21:01 [notice] 1#1: built by gcc 8.3.0 (Debian 8.3.0-6) 
2021/10/23 14:21:01 [notice] 1#1: OS: Linux 4.19.128-microsoft-standard
2021/10/23 14:21:01 [notice] 1#1: getrlimit(RLIMIT_NOFILE): 1048576:1048576
2021/10/23 14:21:01 [notice] 1#1: start worker processes
2021/10/23 14:21:01 [notice] 1#1: start worker process 23
2021/10/23 14:21:01 [notice] 1#1: start worker process 24
2021/10/23 14:21:01 [notice] 1#1: start worker process 25
2021/10/23 14:21:01 [notice] 1#1: start worker process 26
2021/10/23 14:21:01 [notice] 1#1: start worker process 27
2021/10/23 14:21:01 [notice] 1#1: start worker process 28
2021/10/23 14:21:01 [notice] 1#1: start worker process 29
2021/10/23 14:21:01 [notice] 1#1: start worker process 30
2021/10/23 14:21:01 [notice] 1#1: start worker process 31
2021/10/23 14:21:01 [notice] 1#1: start worker process 32
2021/10/23 14:21:01 [notice] 1#1: start worker process 33
2021/10/23 14:21:01 [notice] 1#1: start worker process 34
2021/10/25 01:17:46 [notice] 1#1: signal 3 (SIGQUIT) received, shutting down
2021/10/25 01:17:46 [notice] 23#23: gracefully shutting down
2021/10/25 01:17:46 [notice] 33#33: gracefully shutting down
2021/10/25 01:17:46 [notice] 24#24: gracefully shutting down
2021/10/25 01:17:46 [notice] 25#25: gracefully shutting down
2021/10/25 01:17:46 [notice] 26#26: gracefully shutting down
2021/10/25 01:17:46 [notice] 28#28: gracefully shutting down
2021/10/25 01:17:46 [notice] 29#29: gracefully shutting down
2021/10/25 01:17:46 [notice] 31#31: gracefully shutting down
2021/10/25 01:17:46 [notice] 34#34: gracefully shutting down
2021/10/25 01:17:46 [notice] 30#30: gracefully shutting down
2021/10/25 01:17:46 [notice] 32#32: gracefully shutting down
2021/10/25 01:17:46 [notice] 27#27: gracefully shutting down
2021/10/25 01:17:46 [notice] 23#23: exiting
2021/10/25 01:17:46 [notice] 33#33: exiting
2021/10/25 01:17:46 [notice] 24#24: exiting
2021/10/25 01:17:46 [notice] 25#25: exiting
2021/10/25 01:17:46 [notice] 26#26: exiting
2021/10/25 01:17:46 [notice] 25#25: exit
2021/10/25 01:17:46 [notice] 28#28: exiting
2021/10/25 01:17:46 [notice] 29#29: exiting
2021/10/25 01:17:46 [notice] 31#31: exiting
2021/10/25 01:17:46 [notice] 34#34: exiting
2021/10/25 01:17:46 [notice] 30#30: exiting
2021/10/25 01:17:46 [notice] 32#32: exiting
2021/10/25 01:17:46 [notice] 27#27: exiting
2021/10/25 01:17:46 [notice] 23#23: exit
2021/10/25 01:17:46 [notice] 33#33: exit
2021/10/25 01:17:46 [notice] 24#24: exit
2021/10/25 01:17:46 [notice] 26#26: exit
2021/10/25 01:17:46 [notice] 28#28: exit
2021/10/25 01:17:46 [notice] 29#29: exit
2021/10/25 01:17:46 [notice] 31#31: exit
2021/10/25 01:17:46 [notice] 34#34: exit
2021/10/25 01:17:46 [notice] 30#30: exit
2021/10/25 01:17:46 [notice] 32#32: exit
2021/10/25 01:17:46 [notice] 27#27: exit
2021/10/25 01:17:46 [notice] 1#1: signal 17 (SIGCHLD) received from 24
2021/10/25 01:17:46 [notice] 1#1: worker process 24 exited with code 0
2021/10/25 01:17:46 [notice] 1#1: signal 29 (SIGIO) received
2021/10/25 01:17:46 [notice] 1#1: signal 17 (SIGCHLD) received from 28
2021/10/25 01:17:46 [notice] 1#1: worker process 27 exited with code 0
2021/10/25 01:17:46 [notice] 1#1: worker process 28 exited with code 0
2021/10/25 01:17:46 [notice] 1#1: worker process 33 exited with code 0
2021/10/25 01:17:46 [notice] 1#1: worker process 34 exited with code 0
2021/10/25 01:17:46 [notice] 1#1: signal 29 (SIGIO) received
2021/10/25 01:17:46 [notice] 1#1: signal 17 (SIGCHLD) received from 27
2021/10/25 01:17:46 [notice] 1#1: signal 17 (SIGCHLD) received from 29
2021/10/25 01:17:46 [notice] 1#1: worker process 23 exited with code 0
2021/10/25 01:17:46 [notice] 1#1: worker process 26 exited with code 0
2021/10/25 01:17:46 [notice] 1#1: worker process 29 exited with code 0
2021/10/25 01:17:46 [notice] 1#1: worker process 30 exited with code 0
2021/10/25 01:17:46 [notice] 1#1: worker process 32 exited with code 0
2021/10/25 01:17:46 [notice] 1#1: signal 29 (SIGIO) received
2021/10/25 01:17:46 [notice] 1#1: signal 17 (SIGCHLD) received from 30
2021/10/25 01:17:46 [notice] 1#1: signal 17 (SIGCHLD) received from 25
2021/10/25 01:17:46 [notice] 1#1: worker process 25 exited with code 0
2021/10/25 01:17:46 [notice] 1#1: signal 29 (SIGIO) received
2021/10/25 01:17:46 [notice] 1#1: signal 17 (SIGCHLD) received from 31
2021/10/25 01:17:46 [notice] 1#1: worker process 31 exited with code 0
2021/10/25 01:17:46 [notice] 1#1: exit
2021/10/26 15:04:19 [notice] 1#1: using the "epoll" event method
2021/10/26 15:04:19 [notice] 1#1: nginx/1.21.3
2021/10/26 15:04:19 [notice] 1#1: built by gcc 8.3.0 (Debian 8.3.0-6) 
2021/10/26 15:04:19 [notice] 1#1: OS: Linux 4.19.128-microsoft-standard
2021/10/26 15:04:19 [notice] 1#1: getrlimit(RLIMIT_NOFILE): 1048576:1048576
2021/10/26 15:04:19 [notice] 1#1: start worker processes
2021/10/26 15:04:19 [notice] 1#1: start worker process 23
2021/10/26 15:04:19 [notice] 1#1: start worker process 24
2021/10/26 15:04:19 [notice] 1#1: start worker process 25
2021/10/26 15:04:19 [notice] 1#1: start worker process 26
2021/10/26 15:04:19 [notice] 1#1: start worker process 27
2021/10/26 15:04:19 [notice] 1#1: start worker process 28
2021/10/26 15:04:19 [notice] 1#1: start worker process 29
2021/10/26 15:04:19 [notice] 1#1: start worker process 30
2021/10/26 15:04:19 [notice] 1#1: start worker process 31
2021/10/26 15:04:19 [notice] 1#1: start worker process 32
2021/10/26 15:04:19 [notice] 1#1: start worker process 33
2021/10/26 15:04:19 [notice] 1#1: start worker process 34
